Determining if the pthread_create exist failed with the following output:
Change Dir: /home/juraj/FIT/IVS/ivs_project_1/assignment/build/CMakeFiles/CMakeTmp

Run Build Command:"/usr/bin/gmake" "cmTC_a62b9/fast"
/usr/bin/gmake -f CMakeFiles/cmTC_a62b9.dir/build.make CMakeFiles/cmTC_a62b9.dir/build
gmake[1]: Entering directory '/home/juraj/FIT/IVS/ivs_project_1/assignment/build/CMakeFiles/CMakeTmp'
Building C object CMakeFiles/cmTC_a62b9.dir/CheckSymbolExists.c.o
/usr/lib64/ccache/cc   -g -O0 -fprofile-arcs -ftest-coverage    -o CMakeFiles/cmTC_a62b9.dir/CheckSymbolExists.c.o   -c /home/juraj/FIT/IVS/ivs_project_1/assignment/build/CMakeFiles/CMakeTmp/CheckSymbolExists.c
Linking C executable cmTC_a62b9
/usr/bin/cmake -E cmake_link_script CMakeFiles/cmTC_a62b9.dir/link.txt --verbose=1
/usr/lib64/ccache/cc  -g -O0 -fprofile-arcs -ftest-coverage     -rdynamic CMakeFiles/cmTC_a62b9.dir/CheckSymbolExists.c.o  -o cmTC_a62b9 
CMakeFiles/cmTC_a62b9.dir/CheckSymbolExists.c.o: In function `main':
/home/juraj/FIT/IVS/ivs_project_1/assignment/build/CMakeFiles/CMakeTmp/CheckSymbolExists.c:8: undefined reference to `pthread_create'
collect2: error: ld returned 1 exit status
gmake[1]: *** [CMakeFiles/cmTC_a62b9.dir/build.make:98: cmTC_a62b9] Error 1
gmake[1]: Leaving directory '/home/juraj/FIT/IVS/ivs_project_1/assignment/build/CMakeFiles/CMakeTmp'
gmake: *** [Makefile:126: cmTC_a62b9/fast] Error 2

File /home/juraj/FIT/IVS/ivs_project_1/assignment/build/CMakeFiles/CMakeTmp/CheckSymbolExists.c:
/* */
#include <pthread.h>

int main(int argc, char** argv)
{
  (void)argv;
#ifndef pthread_create
  return ((int*)(&pthread_create))[argc];
#else
  (void)argc;
  return 0;
#endif
}

